<?xml version="1.0" encoding="UTF-8"?>
<testng-results ignored="0" total="1" passed="1" failed="0" skipped="0">
  <reporter-output>
  </reporter-output>
  <suite started-at="2024-07-22T22:01:47 ICT" name="Default suite" finished-at="2024-07-22T22:01:47 ICT" duration-ms="147">
    <groups>
    </groups>
    <test started-at="2024-07-22T22:01:47 ICT" name="Default test" finished-at="2024-07-22T22:01:47 ICT" duration-ms="147">
      <class name="automation.testsuite.Day7_test">
        <test-method is-config="true" signature="openBrower()[pri:0, instance:automation.testsuite.Day7_test@6356695f]" started-at="2024-07-22T22:01:47 ICT" name="openBrower" finished-at="2024-07-22T22:01:47 ICT" duration-ms="12" status="PASS">
          <reporter-output>
          </reporter-output>
        </test-method> <!-- openBrower -->
        <test-method signature="testcase1()[pri:0, instance:automation.testsuite.Day7_test@6356695f]" started-at="2024-07-22T22:01:47 ICT" name="testcase1" finished-at="2024-07-22T22:01:47 ICT" duration-ms="20" status="PASS">
          <reporter-output>
          </reporter-output>
        </test-method> <!-- testcase1 -->
        <test-method is-config="true" signature="closebrower()[pri:0, instance:automation.testsuite.Day7_test@6356695f]" started-at="2024-07-22T22:01:47 ICT" name="closebrower" finished-at="2024-07-22T22:01:47 ICT" duration-ms="0" status="PASS">
          <reporter-output>
          </reporter-output>
        </test-method> <!-- closebrower -->
      </class> <!-- automation.testsuite.Day7_test -->
    </test> <!-- Default test -->
  </suite> <!-- Default suite -->
</testng-results>
